
============================================================
BRIDGE ADVENTURE LOG - 2025-07-02 17:33:06
============================================================
Name: yed
Quest: donne poum poum
Color: nigger blue
Result: SUCCESS
Analysis Scores:
  - Name Worthiness: 80%
  - Quest Nobility: 85%
  - Color Mysticism: 64%
  - Overall Aura: 76%
============================================================

============================================================
BRIDGE ADVENTURE LOG - 2025-07-02 17:34:17
============================================================
Name: .
Quest: ?
Color: p
Result: TRICK
Analysis Scores:
  - Name Worthiness: 51%
  - Quest Nobility: 70%
  - Color Mysticism: 52%
  - Overall Aura: 47%
============================================================
